2022-09-23T09:15:16.6NZ mysqld_safe Logging to '/Applications/MAMP/logs/mysql_error.log'.
2022-09-23T09:15:16.6NZ mysqld_safe Starting mysqld daemon with databases from /Applications/MAMP/db/mysql57
2022-09-23T09:15:16.261333Z 0 [Warning] TIMESTAMP with implicit DEFAULT value is deprecated. Please use --explicit_defaults_for_timestamp server option (see documentation for more details).
2022-09-23T09:15:16.261468Z 0 [Note] --secure-file-priv is set to NULL. Operations related to importing and exporting data are disabled
2022-09-23T09:15:16.261488Z 0 [Note] /Applications/MAMP/Library/bin/mysqld (mysqld 5.7.34) starting as process 50675 ...
2022-09-23T09:15:16.262442Z 0 [Warning] Setting lower_case_table_names=2 because file system for /Applications/MAMP/db/mysql57/ is case insensitive
2022-09-23T09:15:16.262966Z 0 [Note] InnoDB: Mutexes and rw_locks use GCC atomic builtins
2022-09-23T09:15:16.262974Z 0 [Note] InnoDB: Uses event mutexes
2022-09-23T09:15:16.262978Z 0 [Note] InnoDB: GCC builtin __atomic_thread_fence() is used for memory barrier
2022-09-23T09:15:16.262982Z 0 [Note] InnoDB: Compressed tables use zlib 1.2.11
2022-09-23T09:15:16.263381Z 0 [Note] InnoDB: Number of pools: 1
2022-09-23T09:15:16.263416Z 0 [Note] InnoDB: Not using CPU crc32 instructions
2022-09-23T09:15:16.263914Z 0 [Note] InnoDB: Initializing buffer pool, total size = 128M, instances = 1, chunk size = 128M
2022-09-23T09:15:16.267346Z 0 [Note] InnoDB: Completed initialization of buffer pool
2022-09-23T09:15:16.281399Z 0 [Note] InnoDB: Highest supported file format is Barracuda.
2022-09-23T09:15:16.287337Z 0 [Note] InnoDB: Creating shared tablespace for temporary tables
2022-09-23T09:15:16.287420Z 0 [Note] InnoDB: Setting file './ibtmp1' size to 12 MB. Physically writing the file full; Please wait ...
2022-09-23T09:15:16.290016Z 0 [Note] InnoDB: File './ibtmp1' size is now 12 MB.
2022-09-23T09:15:16.290301Z 0 [Note] InnoDB: 96 redo rollback segment(s) found. 96 redo rollback segment(s) are active.
2022-09-23T09:15:16.290309Z 0 [Note] InnoDB: 32 non-redo rollback segment(s) are active.
2022-09-23T09:15:16.290423Z 0 [Note] InnoDB: Waiting for purge to start
2022-09-23T09:15:16.345386Z 0 [Note] InnoDB: 5.7.34 started; log sequence number 8785217
2022-09-23T09:15:16.345517Z 0 [Note] InnoDB: Loading buffer pool(s) from /Applications/MAMP/db/mysql57/ib_buffer_pool
2022-09-23T09:15:16.345577Z 0 [Note] Plugin 'FEDERATED' is disabled.
2022-09-23T09:15:16.347150Z 0 [Warning] InnoDB: Table mysql/innodb_table_stats has length mismatch in the column name table_name.  Please run mysql_upgrade
2022-09-23T09:15:16.347227Z 0 [Warning] InnoDB: Table mysql/innodb_index_stats has length mismatch in the column name table_name.  Please run mysql_upgrade
2022-09-23T09:15:16.348684Z 0 [Note] InnoDB: Buffer pool(s) load completed at 220923 18:15:16
2022-09-23T09:15:16.349570Z 0 [Note] Found ca.pem, server-cert.pem and server-key.pem in data directory. Trying to enable SSL support using them.
2022-09-23T09:15:16.349579Z 0 [Note] Skipping generation of SSL certificates as certificate files are present in data directory.
2022-09-23T09:15:16.350146Z 0 [Warning] CA certificate ca.pem is self signed.
2022-09-23T09:15:16.350189Z 0 [Note] Skipping generation of RSA key pair as key files are present in data directory.
2022-09-23T09:15:16.350269Z 0 [Note] Server hostname (bind-address): '*'; port: 3306
2022-09-23T09:15:16.350525Z 0 [Note] IPv6 is available.
2022-09-23T09:15:16.350536Z 0 [Note]   - '::' resolves to '::';
2022-09-23T09:15:16.350558Z 0 [Note] Server socket created on IP: '::'.
2022-09-23T09:15:16.350579Z 0 [ERROR] Can't start server: Bind on TCP/IP port: Address already in use
2022-09-23T09:15:16.350585Z 0 [ERROR] Do you already have another mysqld server running on port: 3306 ?
2022-09-23T09:15:16.350593Z 0 [ERROR] Aborting

2022-09-23T09:15:16.350604Z 0 [Note] Binlog end
2022-09-23T09:15:16.350630Z 0 [Note] Shutting down plugin 'ngram'
2022-09-23T09:15:16.350636Z 0 [Note] Shutting down plugin 'partition'
2022-09-23T09:15:16.350641Z 0 [Note] Shutting down plugin 'BLACKHOLE'
2022-09-23T09:15:16.350669Z 0 [Note] Shutting down plugin 'ARCHIVE'
2022-09-23T09:15:16.350672Z 0 [Note] Shutting down plugin 'PERFORMANCE_SCHEMA'
2022-09-23T09:15:16.350694Z 0 [Note] Shutting down plugin 'MRG_MYISAM'
2022-09-23T09:15:16.350700Z 0 [Note] Shutting down plugin 'MyISAM'
2022-09-23T09:15:16.350725Z 0 [Note] Shutting down plugin 'INNODB_SYS_VIRTUAL'
2022-09-23T09:15:16.350728Z 0 [Note] Shutting down plugin 'INNODB_SYS_DATAFILES'
2022-09-23T09:15:16.350731Z 0 [Note] Shutting down plugin 'INNODB_SYS_TABLESPACES'
2022-09-23T09:15:16.350734Z 0 [Note] Shutting down plugin 'INNODB_SYS_FOREIGN_COLS'
2022-09-23T09:15:16.350736Z 0 [Note] Shutting down plugin 'INNODB_SYS_FOREIGN'
2022-09-23T09:15:16.350739Z 0 [Note] Shutting down plugin 'INNODB_SYS_FIELDS'
2022-09-23T09:15:16.350742Z 0 [Note] Shutting down plugin 'INNODB_SYS_COLUMNS'
2022-09-23T09:15:16.350744Z 0 [Note] Shutting down plugin 'INNODB_SYS_INDEXES'
2022-09-23T09:15:16.350746Z 0 [Note] Shutting down plugin 'INNODB_SYS_TABLESTATS'
2022-09-23T09:15:16.350749Z 0 [Note] Shutting down plugin 'INNODB_SYS_TABLES'
2022-09-23T09:15:16.350751Z 0 [Note] Shutting down plugin 'INNODB_FT_INDEX_TABLE'
2022-09-23T09:15:16.350754Z 0 [Note] Shutting down plugin 'INNODB_FT_INDEX_CACHE'
2022-09-23T09:15:16.350756Z 0 [Note] Shutting down plugin 'INNODB_FT_CONFIG'
2022-09-23T09:15:16.350758Z 0 [Note] Shutting down plugin 'INNODB_FT_BEING_DELETED'
2022-09-23T09:15:16.350761Z 0 [Note] Shutting down plugin 'INNODB_FT_DELETED'
2022-09-23T09:15:16.350763Z 0 [Note] Shutting down plugin 'INNODB_FT_DEFAULT_STOPWORD'
2022-09-23T09:15:16.350765Z 0 [Note] Shutting down plugin 'INNODB_METRICS'
2022-09-23T09:15:16.350768Z 0 [Note] Shutting down plugin 'INNODB_TEMP_TABLE_INFO'
2022-09-23T09:15:16.350770Z 0 [Note] Shutting down plugin 'INNODB_BUFFER_POOL_STATS'
2022-09-23T09:15:16.350772Z 0 [Note] Shutting down plugin 'INNODB_BUFFER_PAGE_LRU'
2022-09-23T09:15:16.350775Z 0 [Note] Shutting down plugin 'INNODB_BUFFER_PAGE'
2022-09-23T09:15:16.350777Z 0 [Note] Shutting down plugin 'INNODB_CMP_PER_INDEX_RESET'
2022-09-23T09:15:16.350780Z 0 [Note] Shutting down plugin 'INNODB_CMP_PER_INDEX'
2022-09-23T09:15:16.350782Z 0 [Note] Shutting down plugin 'INNODB_CMPMEM_RESET'
2022-09-23T09:15:16.350784Z 0 [Note] Shutting down plugin 'INNODB_CMPMEM'
2022-09-23T09:15:16.350787Z 0 [Note] Shutting down plugin 'INNODB_CMP_RESET'
2022-09-23T09:15:16.350789Z 0 [Note] Shutting down plugin 'INNODB_CMP'
2022-09-23T09:15:16.350792Z 0 [Note] Shutting down plugin 'INNODB_LOCK_WAITS'
2022-09-23T09:15:16.350794Z 0 [Note] Shutting down plugin 'INNODB_LOCKS'
2022-09-23T09:15:16.350796Z 0 [Note] Shutting down plugin 'INNODB_TRX'
2022-09-23T09:15:16.350799Z 0 [Note] Shutting down plugin 'InnoDB'
2022-09-23T09:15:16.350815Z 0 [Note] InnoDB: FTS optimize thread exiting.
2022-09-23T09:15:16.350838Z 0 [Note] InnoDB: Starting shutdown...
2022-09-23T09:15:16.455972Z 0 [Note] InnoDB: Dumping buffer pool(s) to /Applications/MAMP/db/mysql57/ib_buffer_pool
2022-09-23T09:15:16.456448Z 0 [Note] InnoDB: Buffer pool(s) dump completed at 220923 18:15:16
2022-09-23T09:15:17.816813Z 0 [Note] InnoDB: Shutdown completed; log sequence number 8785236
2022-09-23T09:15:17.817840Z 0 [Note] InnoDB: Removed temporary tablespace data file: "ibtmp1"
2022-09-23T09:15:17.817869Z 0 [Note] Shutting down plugin 'MEMORY'
2022-09-23T09:15:17.817882Z 0 [Note] Shutting down plugin 'CSV'
2022-09-23T09:15:17.817893Z 0 [Note] Shutting down plugin 'sha256_password'
2022-09-23T09:15:17.817899Z 0 [Note] Shutting down plugin 'mysql_native_password'
2022-09-23T09:15:17.818120Z 0 [Note] Shutting down plugin 'binlog'
2022-09-23T09:15:17.818432Z 0 [Note] /Applications/MAMP/Library/bin/mysqld: Shutdown complete

2022-09-23T09:15:17.6NZ mysqld_safe mysqld from pid file /Applications/MAMP/tmp/mysql/mysql.pid ended
2022-09-23T09:21:11.6NZ mysqld_safe Logging to '/Applications/MAMP/logs/mysql_error.log'.
2022-09-23T09:21:11.6NZ mysqld_safe Starting mysqld daemon with databases from /Applications/MAMP/db/mysql57
2022-09-23T09:21:11.231463Z 0 [Warning] TIMESTAMP with implicit DEFAULT value is deprecated. Please use --explicit_defaults_for_timestamp server option (see documentation for more details).
2022-09-23T09:21:11.231626Z 0 [Note] --secure-file-priv is set to NULL. Operations related to importing and exporting data are disabled
2022-09-23T09:21:11.231663Z 0 [Note] /Applications/MAMP/Library/bin/mysqld (mysqld 5.7.34) starting as process 51078 ...
2022-09-23T09:21:11.233708Z 0 [Warning] Setting lower_case_table_names=2 because file system for /Applications/MAMP/db/mysql57/ is case insensitive
2022-09-23T09:21:11.234320Z 0 [Note] InnoDB: Mutexes and rw_locks use GCC atomic builtins
2022-09-23T09:21:11.234338Z 0 [Note] InnoDB: Uses event mutexes
2022-09-23T09:21:11.234342Z 0 [Note] InnoDB: GCC builtin __atomic_thread_fence() is used for memory barrier
2022-09-23T09:21:11.234345Z 0 [Note] InnoDB: Compressed tables use zlib 1.2.11
2022-09-23T09:21:11.234746Z 0 [Note] InnoDB: Number of pools: 1
2022-09-23T09:21:11.234779Z 0 [Note] InnoDB: Not using CPU crc32 instructions
2022-09-23T09:21:11.235273Z 0 [Note] InnoDB: Initializing buffer pool, total size = 128M, instances = 1, chunk size = 128M
2022-09-23T09:21:11.238710Z 0 [Note] InnoDB: Completed initialization of buffer pool
2022-09-23T09:21:11.252618Z 0 [Note] InnoDB: Highest supported file format is Barracuda.
2022-09-23T09:21:11.258407Z 0 [Note] InnoDB: Creating shared tablespace for temporary tables
2022-09-23T09:21:11.258487Z 0 [Note] InnoDB: Setting file './ibtmp1' size to 12 MB. Physically writing the file full; Please wait ...
2022-09-23T09:21:11.261145Z 0 [Note] InnoDB: File './ibtmp1' size is now 12 MB.
2022-09-23T09:21:11.261453Z 0 [Note] InnoDB: 96 redo rollback segment(s) found. 96 redo rollback segment(s) are active.
2022-09-23T09:21:11.261459Z 0 [Note] InnoDB: 32 non-redo rollback segment(s) are active.
2022-09-23T09:21:11.261645Z 0 [Note] InnoDB: Waiting for purge to start
2022-09-23T09:21:11.316827Z 0 [Note] InnoDB: 5.7.34 started; log sequence number 8785236
2022-09-23T09:21:11.317009Z 0 [Note] InnoDB: Loading buffer pool(s) from /Applications/MAMP/db/mysql57/ib_buffer_pool
2022-09-23T09:21:11.317070Z 0 [Note] Plugin 'FEDERATED' is disabled.
2022-09-23T09:21:11.318219Z 0 [Warning] InnoDB: Table mysql/innodb_table_stats has length mismatch in the column name table_name.  Please run mysql_upgrade
2022-09-23T09:21:11.318283Z 0 [Warning] InnoDB: Table mysql/innodb_index_stats has length mismatch in the column name table_name.  Please run mysql_upgrade
2022-09-23T09:21:11.319703Z 0 [Note] InnoDB: Buffer pool(s) load completed at 220923 18:21:11
2022-09-23T09:21:11.320516Z 0 [Note] Found ca.pem, server-cert.pem and server-key.pem in data directory. Trying to enable SSL support using them.
2022-09-23T09:21:11.320522Z 0 [Note] Skipping generation of SSL certificates as certificate files are present in data directory.
2022-09-23T09:21:11.321022Z 0 [Warning] CA certificate ca.pem is self signed.
2022-09-23T09:21:11.321045Z 0 [Note] Skipping generation of RSA key pair as key files are present in data directory.
2022-09-23T09:21:11.321108Z 0 [Note] Server hostname (bind-address): '*'; port: 3306
2022-09-23T09:21:11.321325Z 0 [Note] IPv6 is available.
2022-09-23T09:21:11.321333Z 0 [Note]   - '::' resolves to '::';
2022-09-23T09:21:11.321350Z 0 [Note] Server socket created on IP: '::'.
2022-09-23T09:21:11.321367Z 0 [ERROR] Can't start server: Bind on TCP/IP port: Address already in use
2022-09-23T09:21:11.321370Z 0 [ERROR] Do you already have another mysqld server running on port: 3306 ?
2022-09-23T09:21:11.321375Z 0 [ERROR] Aborting

2022-09-23T09:21:11.321382Z 0 [Note] Binlog end
2022-09-23T09:21:11.321408Z 0 [Note] Shutting down plugin 'ngram'
2022-09-23T09:21:11.321412Z 0 [Note] Shutting down plugin 'partition'
2022-09-23T09:21:11.321415Z 0 [Note] Shutting down plugin 'BLACKHOLE'
2022-09-23T09:21:11.321418Z 0 [Note] Shutting down plugin 'ARCHIVE'
2022-09-23T09:21:11.321421Z 0 [Note] Shutting down plugin 'PERFORMANCE_SCHEMA'
2022-09-23T09:21:11.321442Z 0 [Note] Shutting down plugin 'MRG_MYISAM'
2022-09-23T09:21:11.321445Z 0 [Note] Shutting down plugin 'MyISAM'
2022-09-23T09:21:11.321484Z 0 [Note] Shutting down plugin 'INNODB_SYS_VIRTUAL'
2022-09-23T09:21:11.321487Z 0 [Note] Shutting down plugin 'INNODB_SYS_DATAFILES'
2022-09-23T09:21:11.321489Z 0 [Note] Shutting down plugin 'INNODB_SYS_TABLESPACES'
2022-09-23T09:21:11.321492Z 0 [Note] Shutting down plugin 'INNODB_SYS_FOREIGN_COLS'
2022-09-23T09:21:11.321494Z 0 [Note] Shutting down plugin 'INNODB_SYS_FOREIGN'
2022-09-23T09:21:11.321496Z 0 [Note] Shutting down plugin 'INNODB_SYS_FIELDS'
2022-09-23T09:21:11.321499Z 0 [Note] Shutting down plugin 'INNODB_SYS_COLUMNS'
2022-09-23T09:21:11.321501Z 0 [Note] Shutting down plugin 'INNODB_SYS_INDEXES'
2022-09-23T09:21:11.321504Z 0 [Note] Shutting down plugin 'INNODB_SYS_TABLESTATS'
2022-09-23T09:21:11.321506Z 0 [Note] Shutting down plugin 'INNODB_SYS_TABLES'
2022-09-23T09:21:11.321508Z 0 [Note] Shutting down plugin 'INNODB_FT_INDEX_TABLE'
2022-09-23T09:21:11.321511Z 0 [Note] Shutting down plugin 'INNODB_FT_INDEX_CACHE'
2022-09-23T09:21:11.321513Z 0 [Note] Shutting down plugin 'INNODB_FT_CONFIG'
2022-09-23T09:21:11.321516Z 0 [Note] Shutting down plugin 'INNODB_FT_BEING_DELETED'
2022-09-23T09:21:11.321518Z 0 [Note] Shutting down plugin 'INNODB_FT_DELETED'
2022-09-23T09:21:11.321520Z 0 [Note] Shutting down plugin 'INNODB_FT_DEFAULT_STOPWORD'
2022-09-23T09:21:11.321523Z 0 [Note] Shutting down plugin 'INNODB_METRICS'
2022-09-23T09:21:11.321525Z 0 [Note] Shutting down plugin 'INNODB_TEMP_TABLE_INFO'
2022-09-23T09:21:11.321528Z 0 [Note] Shutting down plugin 'INNODB_BUFFER_POOL_STATS'
2022-09-23T09:21:11.321530Z 0 [Note] Shutting down plugin 'INNODB_BUFFER_PAGE_LRU'
2022-09-23T09:21:11.321532Z 0 [Note] Shutting down plugin 'INNODB_BUFFER_PAGE'
2022-09-23T09:21:11.321534Z 0 [Note] Shutting down plugin 'INNODB_CMP_PER_INDEX_RESET'
2022-09-23T09:21:11.321537Z 0 [Note] Shutting down plugin 'INNODB_CMP_PER_INDEX'
2022-09-23T09:21:11.321539Z 0 [Note] Shutting down plugin 'INNODB_CMPMEM_RESET'
2022-09-23T09:21:11.321542Z 0 [Note] Shutting down plugin 'INNODB_CMPMEM'
2022-09-23T09:21:11.321544Z 0 [Note] Shutting down plugin 'INNODB_CMP_RESET'
2022-09-23T09:21:11.321547Z 0 [Note] Shutting down plugin 'INNODB_CMP'
2022-09-23T09:21:11.321549Z 0 [Note] Shutting down plugin 'INNODB_LOCK_WAITS'
2022-09-23T09:21:11.321552Z 0 [Note] Shutting down plugin 'INNODB_LOCKS'
2022-09-23T09:21:11.321554Z 0 [Note] Shutting down plugin 'INNODB_TRX'
2022-09-23T09:21:11.321556Z 0 [Note] Shutting down plugin 'InnoDB'
2022-09-23T09:21:11.321568Z 0 [Note] InnoDB: FTS optimize thread exiting.
2022-09-23T09:21:11.321590Z 0 [Note] InnoDB: Starting shutdown...
2022-09-23T09:21:11.426762Z 0 [Note] InnoDB: Dumping buffer pool(s) to /Applications/MAMP/db/mysql57/ib_buffer_pool
2022-09-23T09:21:11.427455Z 0 [Note] InnoDB: Buffer pool(s) dump completed at 220923 18:21:11
2022-09-23T09:21:12.778315Z 0 [Note] InnoDB: Shutdown completed; log sequence number 8785255
2022-09-23T09:21:12.780225Z 0 [Note] InnoDB: Removed temporary tablespace data file: "ibtmp1"
2022-09-23T09:21:12.780265Z 0 [Note] Shutting down plugin 'MEMORY'
2022-09-23T09:21:12.780280Z 0 [Note] Shutting down plugin 'CSV'
2022-09-23T09:21:12.780293Z 0 [Note] Shutting down plugin 'sha256_password'
2022-09-23T09:21:12.780300Z 0 [Note] Shutting down plugin 'mysql_native_password'
2022-09-23T09:21:12.780554Z 0 [Note] Shutting down plugin 'binlog'
2022-09-23T09:21:12.780860Z 0 [Note] /Applications/MAMP/Library/bin/mysqld: Shutdown complete

2022-09-23T09:21:12.6NZ mysqld_safe mysqld from pid file /Applications/MAMP/tmp/mysql/mysql.pid ended
